{"C:\\Users\\louis\\Desktop\\integration\\frontend\\src\\pages\\Objectif.js": {"path":"C:\\Users\\louis\\Desktop\\integration\\frontend\\src\\pages\\Objectif.js","statementMap":{"0":{"start":{"line":7,"column":28},"end":{"line":7,"column":40}},"1":{"start":{"line":8,"column":38},"end":{"line":8,"column":50}},"2":{"start":{"line":9,"column":38},"end":{"line":9,"column":50}},"3":{"start":{"line":10,"column":42},"end":{"line":10,"column":54}},"4":{"start":{"line":11,"column":28},"end":{"line":11,"column":40}},"5":{"start":{"line":12,"column":31},"end":{"line":12,"column":43}},"6":{"start":{"line":13,"column":30},"end":{"line":13,"column":42}},"7":{"start":{"line":14,"column":38},"end":{"line":14,"column":53}},"8":{"start":{"line":15,"column":46},"end":{"line":15,"column":61}},"9":{"start":{"line":16,"column":28},"end":{"line":16,"column":40}},"10":{"start":{"line":17,"column":21},"end":{"line":17,"column":23}},"11":{"start":{"line":18,"column":21},"end":{"line":18,"column":34}},"12":{"start":{"line":19,"column":13},"end":{"line":19,"column":39}},"13":{"start":{"line":20,"column":4},"end":{"line":20,"column":44}},"14":{"start":{"line":22,"column":4},"end":{"line":48,"column":11}},"15":{"start":{"line":24,"column":8},"end":{"line":47,"column":10}},"16":{"start":{"line":25,"column":12},"end":{"line":46,"column":13}},"17":{"start":{"line":25,"column":23},"end":{"line":25,"column":24}},"18":{"start":{"line":26,"column":16},"end":{"line":45,"column":17}},"19":{"start":{"line":27,"column":20},"end":{"line":27,"column":55}},"20":{"start":{"line":28,"column":20},"end":{"line":28,"column":65}},"21":{"start":{"line":29,"column":20},"end":{"line":34,"column":21}},"22":{"start":{"line":30,"column":24},"end":{"line":30,"column":43}},"23":{"start":{"line":31,"column":24},"end":{"line":31,"column":46}},"24":{"start":{"line":33,"column":24},"end":{"line":33,"column":43}},"25":{"start":{"line":35,"column":20},"end":{"line":40,"column":21}},"26":{"start":{"line":36,"column":24},"end":{"line":36,"column":39}},"27":{"start":{"line":37,"column":24},"end":{"line":37,"column":42}},"28":{"start":{"line":39,"column":24},"end":{"line":39,"column":39}},"29":{"start":{"line":42,"column":20},"end":{"line":42,"column":69}},"30":{"start":{"line":43,"column":20},"end":{"line":43,"column":55}},"31":{"start":{"line":44,"column":20},"end":{"line":44,"column":48}},"32":{"start":{"line":51,"column":8},"end":{"line":51,"column":26}},"33":{"start":{"line":55,"column":8},"end":{"line":57,"column":10}},"34":{"start":{"line":56,"column":11},"end":{"line":56,"column":38}},"35":{"start":{"line":58,"column":24},"end":{"line":58,"column":26}},"36":{"start":{"line":59,"column":8},"end":{"line":63,"column":9}},"37":{"start":{"line":59,"column":19},"end":{"line":59,"column":20}},"38":{"start":{"line":60,"column":12},"end":{"line":62,"column":13}},"39":{"start":{"line":61,"column":16},"end":{"line":61,"column":40}},"40":{"start":{"line":64,"column":8},"end":{"line":64,"column":135}},"41":{"start":{"line":65,"column":8},"end":{"line":65,"column":35}},"42":{"start":{"line":66,"column":8},"end":{"line":66,"column":69}},"43":{"start":{"line":70,"column":27},"end":{"line":73,"column":7}},"44":{"start":{"line":72,"column":8},"end":{"line":72,"column":28}},"45":{"start":{"line":75,"column":6},"end":{"line":135,"column":5}},"46":{"start":{"line":76,"column":8},"end":{"line":114,"column":10}},"47":{"start":{"line":80,"column":76},"end":{"line":80,"column":99}},"48":{"start":{"line":83,"column":76},"end":{"line":83,"column":99}},"49":{"start":{"line":86,"column":83},"end":{"line":86,"column":113}},"50":{"start":{"line":89,"column":77},"end":{"line":89,"column":105}},"51":{"start":{"line":97,"column":42},"end":{"line":97,"column":70}},"52":{"start":{"line":103,"column":42},"end":{"line":103,"column":66}},"53":{"start":{"line":111,"column":70},"end":{"line":111,"column":77}},"54":{"start":{"line":117,"column":8},"end":{"line":134,"column":10}},"55":{"start":{"line":132,"column":40},"end":{"line":132,"column":47}}},"fnMap":{"0":{"name":"Objectif","decl":{"start":{"line":6,"column":9},"end":{"line":6,"column":17}},"loc":{"start":{"line":6,"column":36},"end":{"line":137,"column":1}},"line":6},"1":{"name":"(anonymous_1)","decl":{"start":{"line":22,"column":14},"end":{"line":22,"column":15}},"loc":{"start":{"line":22,"column":20},"end":{"line":48,"column":5}},"line":22},"2":{"name":"(anonymous_2)","decl":{"start":{"line":24,"column":85},"end":{"line":24,"column":86}},"loc":{"start":{"line":24,"column":92},"end":{"line":47,"column":9}},"line":24},"3":{"name":"truc","decl":{"start":{"line":50,"column":13},"end":{"line":50,"column":17}},"loc":{"start":{"line":50,"column":19},"end":{"line":52,"column":5}},"line":50},"4":{"name":"sendData","decl":{"start":{"line":54,"column":13},"end":{"line":54,"column":21}},"loc":{"start":{"line":54,"column":24},"end":{"line":68,"column":8}},"line":54},"5":{"name":"(anonymous_5)","decl":{"start":{"line":55,"column":59},"end":{"line":55,"column":60}},"loc":{"start":{"line":55,"column":66},"end":{"line":57,"column":9}},"line":55},"6":{"name":"(anonymous_6)","decl":{"start":{"line":70,"column":27},"end":{"line":70,"column":28}},"loc":{"start":{"line":70,"column":33},"end":{"line":73,"column":7}},"line":70},"7":{"name":"(anonymous_7)","decl":{"start":{"line":80,"column":69},"end":{"line":80,"column":70}},"loc":{"start":{"line":80,"column":76},"end":{"line":80,"column":99}},"line":80},"8":{"name":"(anonymous_8)","decl":{"start":{"line":83,"column":69},"end":{"line":83,"column":70}},"loc":{"start":{"line":83,"column":76},"end":{"line":83,"column":99}},"line":83},"9":{"name":"(anonymous_9)","decl":{"start":{"line":86,"column":76},"end":{"line":86,"column":77}},"loc":{"start":{"line":86,"column":83},"end":{"line":86,"column":113}},"line":86},"10":{"name":"(anonymous_10)","decl":{"start":{"line":89,"column":70},"end":{"line":89,"column":71}},"loc":{"start":{"line":89,"column":77},"end":{"line":89,"column":105}},"line":89},"11":{"name":"(anonymous_11)","decl":{"start":{"line":97,"column":35},"end":{"line":97,"column":36}},"loc":{"start":{"line":97,"column":42},"end":{"line":97,"column":70}},"line":97},"12":{"name":"(anonymous_12)","decl":{"start":{"line":103,"column":35},"end":{"line":103,"column":36}},"loc":{"start":{"line":103,"column":42},"end":{"line":103,"column":66}},"line":103},"13":{"name":"(anonymous_13)","decl":{"start":{"line":111,"column":63},"end":{"line":111,"column":64}},"loc":{"start":{"line":111,"column":69},"end":{"line":111,"column":78}},"line":111},"14":{"name":"(anonymous_14)","decl":{"start":{"line":132,"column":33},"end":{"line":132,"column":34}},"loc":{"start":{"line":132,"column":39},"end":{"line":132,"column":48}},"line":132}},"branchMap":{"0":{"loc":{"start":{"line":26,"column":16},"end":{"line":45,"column":17}},"type":"if","locations":[{"start":{"line":26,"column":16},"end":{"line":45,"column":17}},{"start":{},"end":{}}],"line":26},"1":{"loc":{"start":{"line":29,"column":20},"end":{"line":34,"column":21}},"type":"if","locations":[{"start":{"line":29,"column":20},"end":{"line":34,"column":21}},{"start":{"line":32,"column":27},"end":{"line":34,"column":21}}],"line":29},"2":{"loc":{"start":{"line":35,"column":20},"end":{"line":40,"column":21}},"type":"if","locations":[{"start":{"line":35,"column":20},"end":{"line":40,"column":21}},{"start":{"line":38,"column":27},"end":{"line":40,"column":21}}],"line":35},"3":{"loc":{"start":{"line":60,"column":12},"end":{"line":62,"column":13}},"type":"if","locations":[{"start":{"line":60,"column":12},"end":{"line":62,"column":13}},{"start":{},"end":{}}],"line":60},"4":{"loc":{"start":{"line":75,"column":6},"end":{"line":135,"column":5}},"type":"if","locations":[{"start":{"line":75,"column":6},"end":{"line":135,"column":5}},{"start":{"line":116,"column":8},"end":{"line":135,"column":5}}],"line":75}},"s":{"0":0,"1":0,"2":0,"3":0,"4":0,"5":0,"6":0,"7":0,"8":0,"9":0,"10":0,"11":0,"12":0,"13":0,"14":0,"15":0,"16":0,"17":0,"18":0,"19":0,"20":0,"21":0,"22":0,"23":0,"24":0,"25":0,"26":0,"27":0,"28":0,"29":0,"30":0,"31":0,"32":0,"33":0,"34":0,"35":0,"36":0,"37":0,"38":0,"39":0,"40":0,"41":0,"42":0,"43":0,"44":0,"45":0,"46":0,"47":0,"48":0,"49":0,"50":0,"51":0,"52":0,"53":0,"54":0,"55":0},"f":{"0":0,"1":0,"2":0,"3":0,"4":0,"5":0,"6":0,"7":0,"8":0,"9":0,"10":0,"11":0,"12":0,"13":0,"14":0},"b":{"0":[0,0],"1":[0,0],"2":[0,0],"3":[0,0],"4":[0,0]}}
}
