TN:
SF:src\pages\Objectif.js
FN:6,Objectif
FN:22,(anonymous_1)
FN:24,(anonymous_2)
FN:50,truc
FN:54,sendData
FN:55,(anonymous_5)
FN:70,(anonymous_6)
FN:80,(anonymous_7)
FN:83,(anonymous_8)
FN:86,(anonymous_9)
FN:89,(anonymous_10)
FN:97,(anonymous_11)
FN:103,(anonymous_12)
FN:111,(anonymous_13)
FN:132,(anonymous_14)
FNF:15
FNH:0
FNDA:0,Objectif
FNDA:0,(anonymous_1)
FNDA:0,(anonymous_2)
FNDA:0,truc
FNDA:0,sendData
FNDA:0,(anonymous_5)
FNDA:0,(anonymous_6)
FNDA:0,(anonymous_7)
FNDA:0,(anonymous_8)
FNDA:0,(anonymous_9)
FNDA:0,(anonymous_10)
FNDA:0,(anonymous_11)
FNDA:0,(anonymous_12)
FNDA:0,(anonymous_13)
FNDA:0,(anonymous_14)
DA:7,0
DA:8,0
DA:9,0
DA:10,0
DA:11,0
DA:12,0
DA:13,0
DA:14,0
DA:15,0
DA:16,0
DA:17,0
DA:18,0
DA:19,0
DA:20,0
DA:22,0
DA:24,0
DA:25,0
DA:26,0
DA:27,0
DA:28,0
DA:29,0
DA:30,0
DA:31,0
DA:33,0
DA:35,0
DA:36,0
DA:37,0
DA:39,0
DA:42,0
DA:43,0
DA:44,0
DA:51,0
DA:55,0
DA:56,0
DA:58,0
DA:59,0
DA:60,0
DA:61,0
DA:64,0
DA:65,0
DA:66,0
DA:70,0
DA:72,0
DA:75,0
DA:76,0
DA:80,0
DA:83,0
DA:86,0
DA:89,0
DA:97,0
DA:103,0
DA:111,0
DA:117,0
DA:132,0
LF:54
LH:0
BRDA:26,0,0,0
BRDA:26,0,1,0
BRDA:29,1,0,0
BRDA:29,1,1,0
BRDA:35,2,0,0
BRDA:35,2,1,0
BRDA:60,3,0,0
BRDA:60,3,1,0
BRDA:75,4,0,0
BRDA:75,4,1,0
BRF:10
BRH:0
end_of_record
